<?xml version="1.0" encoding="UTF-8"?>
<!-- Generated by org.testng.reporters.JUnitReportReporter -->
<testsuite hostname="AGC02ZJ1MULVDQ" failures="0" tests="2" name="com.my.tests.RediffTest" time="15.105" errors="0" timestamp="2023-10-19T21:11:54 EDT" skipped="0">
  <testcase classname="com.my.tests.RediffTest" name="rediffTitleTest" time="8.379"/>
  <system-out/>
  <testcase classname="com.my.tests.RediffTest" name="rediffURLTest" time="6.726"/>
  <system-out/>
</testsuite> <!-- com.my.tests.RediffTest -->
