<?xml version="1.0" encoding="UTF-8"?>
<!-- Generated by org.testng.reporters.JUnitReportReporter -->
<testsuite hostname="AGC02ZJ1MULVDQ" failures="0" tests="3" name="com.my.tests.AmazonTestWithBeforeMethod" time="29.584" errors="0" timestamp="2023-09-07T22:16:43 EDT" skipped="0">
  <testcase classname="com.my.tests.AmazonTestWithBeforeMethod" name="amazonTitleTest" time="10.366"/>
  <system-out/>
  <testcase classname="com.my.tests.AmazonTestWithBeforeMethod" name="amazonURLTest" time="8.264"/>
  <system-out/>
  <testcase classname="com.my.tests.AmazonTestWithBeforeMethod" name="mobilesLinkPresentTest" time="10.954"/>
  <system-out/>
</testsuite> <!-- com.my.tests.AmazonTestWithBeforeMethod -->
