<?xml version="1.0" encoding="UTF-8"?>
<!-- Generated by org.testng.reporters.JUnitReportReporter -->
<testsuite hostname="AGC02ZJ1MULVDQ" failures="0" tests="3" name="com.my.tests.AmazonTestWithBeforeMethod" time="19.047" errors="0" timestamp="2023-10-19T21:11:54 EDT" skipped="0">
  <testcase classname="com.my.tests.AmazonTestWithBeforeMethod" name="amazonTitleTest" time="6.772"/>
  <system-out/>
  <testcase classname="com.my.tests.AmazonTestWithBeforeMethod" name="amazonURLTest" time="6.515"/>
  <system-out/>
  <testcase classname="com.my.tests.AmazonTestWithBeforeMethod" name="mobilesLinkPresentTest" time="5.760"/>
  <system-out/>
</testsuite> <!-- com.my.tests.AmazonTestWithBeforeMethod -->
