<?xml version="1.0" encoding="UTF-8"?>
<!-- Generated by org.testng.reporters.JUnitReportReporter -->
<testsuite hostname="AGC02ZJ1MULVDQ" failures="0" tests="10" name="SeleniumSessions.InvocationCountConcept" time="0.015" errors="0" timestamp="2023-08-28T22:29:41 EDT" skipped="0">
  <testcase classname="SeleniumSessions.InvocationCountConcept" name="createUserTest" time="0.001"/>
  <system-out/>
  <testcase classname="SeleniumSessions.InvocationCountConcept" name="createUserTest" time="0.000"/>
  <system-out/>
  <testcase classname="SeleniumSessions.InvocationCountConcept" name="createUserTest" time="0.001"/>
  <system-out/>
  <testcase classname="SeleniumSessions.InvocationCountConcept" name="createUserTest" time="0.008"/>
  <system-out/>
  <testcase classname="SeleniumSessions.InvocationCountConcept" name="createUserTest" time="0.000"/>
  <system-out/>
  <testcase classname="SeleniumSessions.InvocationCountConcept" name="createUserTest" time="0.001"/>
  <system-out/>
  <testcase classname="SeleniumSessions.InvocationCountConcept" name="createUserTest" time="0.001"/>
  <system-out/>
  <testcase classname="SeleniumSessions.InvocationCountConcept" name="createUserTest" time="0.001"/>
  <system-out/>
  <testcase classname="SeleniumSessions.InvocationCountConcept" name="createUserTest" time="0.001"/>
  <system-out/>
  <testcase classname="SeleniumSessions.InvocationCountConcept" name="createUserTest" time="0.001"/>
  <system-out/>
</testsuite> <!-- SeleniumSessions.InvocationCountConcept -->
