<?xml version="1.0" encoding="UTF-8"?>
<!-- Generated by org.testng.reporters.JUnitReportReporter -->
<testsuite hostname="AGC02ZJ1MULVDQ" failures="0" tests="2" name="com.my.tests.GoogleTest" time="15.040" errors="0" timestamp="2023-09-07T22:15:27 EDT" skipped="0">
  <testcase classname="com.my.tests.GoogleTest" name="googleTitleTest" time="7.661"/>
  <system-out/>
  <testcase classname="com.my.tests.GoogleTest" name="googleURLTest" time="7.379"/>
  <system-out/>
</testsuite> <!-- com.my.tests.GoogleTest -->
