<?xml version="1.0" encoding="UTF-8"?>
<!-- Generated by org.testng.reporters.JUnitReportReporter -->
<testsuite hostname="AGC02ZJ1MULVDQ" failures="0" tests="1" name="TestNGSessions.ExpectedExceptionConcept" time="0.015" errors="0" timestamp="2023-08-31T22:18:46 EDT" skipped="0">
  <testcase classname="TestNGSessions.ExpectedExceptionConcept" name="loginTest" time="0.015"/>
  <system-out/>
</testsuite> <!-- TestNGSessions.ExpectedExceptionConcept -->
