<?xml version="1.0" encoding="UTF-8"?>
<!-- Generated by org.testng.reporters.JUnitReportReporter -->
<testsuite hostname="AGC02ZJ1MULVDQ" failures="0" tests="2" name="com.my.tests.RediffTest" time="18.817" errors="0" timestamp="2023-09-07T22:15:27 EDT" skipped="0">
  <testcase classname="com.my.tests.RediffTest" name="rediffTitleTest" time="10.585"/>
  <system-out/>
  <testcase classname="com.my.tests.RediffTest" name="rediffURLTest" time="8.232"/>
  <system-out/>
</testsuite> <!-- com.my.tests.RediffTest -->
