<?xml version="1.0" encoding="UTF-8"?>
<!-- Generated by org.testng.reporters.JUnitReportReporter -->
<testsuite hostname="AGC02ZJ1MULVDQ" failures="0" tests="3" name="com.qa.hubspot.tests.LoginPageTest" time="6.938" errors="0" timestamp="2023-10-10T22:11:00 EDT" skipped="0">
  <testcase classname="com.qa.hubspot.tests.LoginPageTest" name="verifySignUpLinkTest" time="2.754"/>
  <system-out/>
  <testcase classname="com.qa.hubspot.tests.LoginPageTest" name="loginTest" time="2.485"/>
  <system-out/>
  <testcase classname="com.qa.hubspot.tests.LoginPageTest" name="verifyLoginPageTitleTest" time="1.699"/>
  <system-out/>
</testsuite> <!-- com.qa.hubspot.tests.LoginPageTest -->
