<?xml version="1.0" encoding="UTF-8"?>
<!-- Generated by org.testng.reporters.JUnitReportReporter -->
<testsuite hostname="AGC02ZJ1MULVDQ" failures="0" tests="3" name="com.qa.hubspot.tests.LoginPageTest" time="0.513" errors="0" timestamp="2023-10-30T22:28:20 EDT" skipped="0">
  <testcase classname="com.qa.hubspot.tests.LoginPageTest" name="verifySignUpLinkTest" time="0.073"/>
  <system-out/>
  <testcase classname="com.qa.hubspot.tests.LoginPageTest" name="loginTest" time="0.437"/>
  <system-out/>
  <testcase classname="com.qa.hubspot.tests.LoginPageTest" name="verifyLoginPageTitleTest" time="0.003"/>
  <system-out/>
</testsuite> <!-- com.qa.hubspot.tests.LoginPageTest -->
